Compiling the C compiler identification source file "CMakeCCompilerId.c" failed.
Compiler: C:/Users/Huang/Anaconda3/envs/MARS+/Library/bin/clang.exe 
Build flags: 
Id flags:  

The output was:
1
clang: warning: unable to find a Visual Studio installation; try running Clang from a developer command prompt [-Wmsvc-not-found]
clang: error: unable to execute command: program not executable
clang: error: linker command failed with exit code 1 (use -v to see invocation)


Compiling the CXX compiler identification source file "CMakeCXXCompilerId.cpp" failed.
Compiler: C:/Users/Huang/Anaconda3/envs/MARS+/Library/bin/clang.exe 
Build flags: 
Id flags:  

The output was:
1
clang: warning: unable to find a Visual Studio installation; try running Clang from a developer command prompt [-Wmsvc-not-found]
clang: error: unable to execute command: program not executable
clang: error: linker command failed with exit code 1 (use -v to see invocation)


Determining if the C compiler works failed with the following output:
Change Dir: C:/Users/Huang/Desktop/MARS-PLUS-main/src/CMakeFiles/CMakeTmp

Run Build Command(s):nmake /nologo cmTC_56a6b\fast && 系統找不到指定的檔案。
Generator: execution of make failed. Make command was: nmake /nologo cmTC_56a6b\fast && 


